# JRE version: OpenJDK Runtime Environment (8.0_342-b07) (build 1.8.0_342-b07)
# Java VM: OpenJDK 64-Bit Server VM (25.342-b07 mixed mode windows-amd64 compressed oops)
Heap:
 PSYoungGen      total 261120K, used 6709K [0x000000076b580000, 0x000000077c680000, 0x00000007c0000000)
  eden space 245760K, 2% used [0x000000076b580000,0x000000076bc0d4e0,0x000000077a580000)
  from space 15360K, 0% used [0x000000077a880000,0x000000077a880000,0x000000077b780000)
  to   space 13824K, 0% used [0x000000077b900000,0x000000077b900000,0x000000077c680000)
 ParOldGen       total 143360K, used 17343K [0x00000006c2000000, 0x00000006cac00000, 0x000000076b580000)
  object space 143360K, 12% used [0x00000006c2000000,0x00000006c30efec0,0x00000006cac00000)
 Metaspace       used 47024K, capacity 48964K, committed 49280K, reserved 1095680K
  class space    used 6336K, capacity 6740K, committed 6784K, reserved 1048576K
GC Heap History (10 events):
Event: 8.054 GC heap before
{Heap before GC invocations=13 (full 4):
 PSYoungGen      total 261120K, used 64K [0x000000076b580000, 0x000000077c680000, 0x00000007c0000000)
  eden space 245760K, 0% used [0x000000076b580000,0x000000076b580000,0x000000077a580000)
  from space 15360K, 0% used [0x000000077a880000,0x000000077a890000,0x000000077b780000)
  to   space 13824K, 0% used [0x000000077b900000,0x000000077b900000,0x000000077c680000)
 ParOldGen       total 143360K, used 23488K [0x00000006c2000000, 0x00000006cac00000, 0x000000076b580000)
  object space 143360K, 16% used [0x00000006c2000000,0x00000006c36f0010,0x00000006cac00000)
 Metaspace       used 46929K, capacity 48970K, committed 49024K, reserved 1099776K
  class space    used 6313K, capacity 6745K, committed 6784K, reserved 1048576K
Event: 8.078 GC heap after
Heap after GC invocations=13 (full 4):
 PSYoungGen      total 261120K, used 0K [0x000000076b580000, 0x000000077c680000, 0x00000007c0000000)
  eden space 245760K, 0% used [0x000000076b580000,0x000000076b580000,0x000000077a580000)
  from space 15360K, 0% used [0x000000077a880000,0x000000077a880000,0x000000077b780000)
  to   space 13824K, 0% used [0x000000077b900000,0x000000077b900000,0x000000077c680000)
 ParOldGen       total 143360K, used 22841K [0x00000006c2000000, 0x00000006cac00000, 0x000000076b580000)
  object space 143360K, 15% used [0x00000006c2000000,0x00000006c364e620,0x00000006cac00000)
 Metaspace       used 46929K, capacity 48970K, committed 49024K, reserved 1095680K
  class space    used 6313K, capacity 6745K, committed 6784K, reserved 1048576K
}
Event: 8.078 GC heap before
{Heap before GC invocations=14 (full 4):
 PSYoungGen      total 261120K, used 0K [0x000000076b580000, 0x000000077c680000, 0x00000007c0000000)
  eden space 245760K, 0% used [0x000000076b580000,0x000000076b580000,0x000000077a580000)
  from space 15360K, 0% used [0x000000077a880000,0x000000077a880000,0x000000077b780000)
  to   space 13824K, 0% used [0x000000077b900000,0x000000077b900000,0x000000077c680000)
 ParOldGen       total 143360K, used 22841K [0x00000006c2000000, 0x00000006cac00000, 0x000000076b580000)
  object space 143360K, 15% used [0x00000006c2000000,0x00000006c364e620,0x00000006cac00000)
 Metaspace       used 46929K, capacity 48970K, committed 49024K, reserved 1099776K
  class space    used 6313K, capacity 6745K, committed 6784K, reserved 1048576K
Event: 8.079 GC heap after
Heap after GC invocations=14 (full 4):
 PSYoungGen      total 259584K, used 0K [0x000000076b580000, 0x000000077c680000, 0x00000007c0000000)
  eden space 245760K, 0% used [0x000000076b580000,0x000000076b580000,0x000000077a580000)
  from space 13824K, 0% used [0x000000077b900000,0x000000077b900000,0x000000077c680000)
  to   space 15360K, 0% used [0x000000077a880000,0x000000077a880000,0x000000077b780000)
 ParOldGen       total 143360K, used 22841K [0x00000006c2000000, 0x00000006cac00000, 0x000000076b580000)
  object space 143360K, 15% used [0x00000006c2000000,0x00000006c364e620,0x00000006cac00000)
 Metaspace       used 46929K, capacity 48970K, committed 49024K, reserved 1099776K
  class space    used 6313K, capacity 6745K, committed 6784K, reserved 1048576K
}
Event: 8.079 GC heap before
{Heap before GC invocations=15 (full 5):
 PSYoungGen      total 259584K, used 0K [0x000000076b580000, 0x000000077c680000, 0x00000007c0000000)
  eden space 245760K, 0% used [0x000000076b580000,0x000000076b580000,0x000000077a580000)
  from space 13824K, 0% used [0x000000077b900000,0x000000077b900000,0x000000077c680000)
  to   space 15360K, 0% used [0x000000077a880000,0x000000077a880000,0x000000077b780000)
 ParOldGen       total 143360K, used 22841K [0x00000006c2000000, 0x00000006cac00000, 0x000000076b580000)
  object space 143360K, 15% used [0x00000006c2000000,0x00000006c364e620,0x00000006cac00000)
 Metaspace       used 46929K, capacity 48970K, committed 49024K, reserved 1099776K
  class space    used 6313K, capacity 6745K, committed 6784K, reserved 1048576K
Event: 8.146 GC heap after
Heap after GC invocations=15 (full 5):
 PSYoungGen      total 259584K, used 0K [0x000000076b580000, 0x000000077c680000, 0x00000007c0000000)
  eden space 245760K, 0% used [0x000000076b580000,0x000000076b580000,0x000000077a580000)
  from space 13824K, 0% used [0x000000077b900000,0x000000077b900000,0x000000077c680000)
  to   space 15360K, 0% used [0x000000077a880000,0x000000077a880000,0x000000077b780000)
 ParOldGen       total 143360K, used 18955K [0x00000006c2000000, 0x00000006cac00000, 0x000000076b580000)
  object space 143360K, 13% used [0x00000006c2000000,0x00000006c3282fa0,0x00000006cac00000)
 Metaspace       used 46679K, capacity 48568K, committed 49024K, reserved 1095680K
  class space    used 6272K, capacity 6670K, committed 6784K, reserved 1048576K
}
Event: 8.148 GC heap before
{Heap before GC invocations=16 (full 5):
 PSYoungGen      total 259584K, used 5011K [0x000000076b580000, 0x000000077c680000, 0x00000007c0000000)
  eden space 245760K, 2% used [0x000000076b580000,0x000000076ba64c98,0x000000077a580000)
  from space 13824K, 0% used [0x000000077b900000,0x000000077b900000,0x000000077c680000)
  to   space 15360K, 0% used [0x000000077a880000,0x000000077a880000,0x000000077b780000)
 ParOldGen       total 143360K, used 18955K [0x00000006c2000000, 0x00000006cac00000, 0x000000076b580000)
  object space 143360K, 13% used [0x00000006c2000000,0x00000006c3282fa0,0x00000006cac00000)
 Metaspace       used 46679K, capacity 48568K, committed 49024K, reserved 1101824K
  class space    used 6272K, capacity 6670K, committed 6784K, reserved 1048576K
Event: 8.150 GC heap after
Heap after GC invocations=16 (full 5):
 PSYoungGen      total 261120K, used 416K [0x000000076b580000, 0x000000077c680000, 0x00000007c0000000)
  eden space 245760K, 0% used [0x000000076b580000,0x000000076b580000,0x000000077a580000)
  from space 15360K, 2% used [0x000000077a880000,0x000000077a8e8000,0x000000077b780000)
  to   space 13824K, 0% used [0x000000077b900000,0x000000077b900000,0x000000077c680000)
 ParOldGen       total 143360K, used 18955K [0x00000006c2000000, 0x00000006cac00000, 0x000000076b580000)
  object space 143360K, 13% used [0x00000006c2000000,0x00000006c3282fa0,0x00000006cac00000)
 Metaspace       used 46679K, capacity 48568K, committed 49024K, reserved 1101824K
  class space    used 6272K, capacity 6670K, committed 6784K, reserved 1048576K
}
Event: 8.150 GC heap before
{Heap before GC invocations=17 (full 6):
 PSYoungGen      total 261120K, used 416K [0x000000076b580000, 0x000000077c680000, 0x00000007c0000000)
  eden space 245760K, 0% used [0x000000076b580000,0x000000076b580000,0x000000077a580000)
  from space 15360K, 2% used [0x000000077a880000,0x000000077a8e8000,0x000000077b780000)
  to   space 13824K, 0% used [0x000000077b900000,0x000000077b900000,0x000000077c680000)
 ParOldGen       total 143360K, used 18955K [0x00000006c2000000, 0x00000006cac00000, 0x000000076b580000)
  object space 143360K, 13% used [0x00000006c2000000,0x00000006c3282fa0,0x00000006cac00000)
 Metaspace       used 46679K, capacity 48568K, committed 49024K, reserved 1101824K
  class space    used 6272K, capacity 6670K, committed 6784K, reserved 1048576K
Event: 8.172 GC heap after
Heap after GC invocations=17 (full 6):
 PSYoungGen      total 261120K, used 0K [0x000000076b580000, 0x000000077c680000, 0x00000007c0000000)
  eden space 245760K, 0% used [0x000000076b580000,0x000000076b580000,0x000000077a580000)
  from space 15360K, 0% used [0x000000077a880000,0x000000077a880000,0x000000077b780000)
  to   space 13824K, 0% used [0x000000077b900000,0x000000077b900000,0x000000077c680000)
 ParOldGen       total 143360K, used 17343K [0x00000006c2000000, 0x00000006cac00000, 0x000000076b580000)
  object space 143360K, 12% used [0x00000006c2000000,0x00000006c30efec0,0x00000006cac00000)
 Metaspace       used 46679K, capacity 48568K, committed 49024K, reserved 1095680K
  class space    used 6272K, capacity 6670K, committed 6784K, reserved 1048576K
}

